<?xml version="1.0" encoding="UTF-8"?>
<testsuite name="com.klom.springboot.web.IndexControllerTest" tests="1" skipped="0" failures="0" errors="0" timestamp="2020-07-04T21:55:47" hostname="yonghun-PC" time="1.127">
  <properties/>
  <testcase name="메인페이지_로딩" classname="com.klom.springboot.web.IndexControllerTest" time="1.127"/>
  <system-out><![CDATA[06:55:18.676 [Test worker] DEBUG org.springframework.test.context.junit4.SpringJUnit4ClassRunner - SpringJUnit4ClassRunner constructor called with [class com.klom.springboot.web.IndexControllerTest]
06:55:18.715 [Test worker] DEBUG org.springframework.test.context.BootstrapUtils - Instantiating CacheAwareContextLoaderDelegate from class [org.springframework.test.context.cache.DefaultCacheAwareContextLoaderDelegate]
06:55:18.775 [Test worker] DEBUG org.springframework.test.context.BootstrapUtils - Instantiating BootstrapContext using constructor [public org.springframework.test.context.support.DefaultBootstrapContext(java.lang.Class,org.springframework.test.context.CacheAwareContextLoaderDelegate)]
06:55:18.845 [Test worker] DEBUG org.springframework.test.context.BootstrapUtils - Instantiating TestContextBootstrapper for test class [com.klom.springboot.web.IndexControllerTest] from class [org.springframework.boot.test.context.SpringBootTestContextBootstrapper]
06:55:18.962 [Test worker] INFO org.springframework.boot.test.context.SpringBootTestContextBootstrapper - Neither @ContextConfiguration nor @ContextHierarchy found for test class [com.klom.springboot.web.IndexControllerTest], using SpringBootContextLoader
06:55:19.037 [Test worker] DEBUG org.springframework.test.context.support.AbstractContextLoader - Did not detect default resource location for test class [com.klom.springboot.web.IndexControllerTest]: class path resource [com/klom/springboot/web/IndexControllerTest-context.xml] does not exist
06:55:19.038 [Test worker] DEBUG org.springframework.test.context.support.AbstractContextLoader - Did not detect default resource location for test class [com.klom.springboot.web.IndexControllerTest]: class path resource [com/klom/springboot/web/IndexControllerTestContext.groovy] does not exist
06:55:19.039 [Test worker] INFO org.springframework.test.context.support.AbstractContextLoader - Could not detect default resource locations for test class [com.klom.springboot.web.IndexControllerTest]: no resource found for suffixes {-context.xml, Context.groovy}.
06:55:19.042 [Test worker] INFO org.springframework.test.context.support.AnnotationConfigContextLoaderUtils - Could not detect default configuration classes for test class [com.klom.springboot.web.IndexControllerTest]: IndexControllerTest does not declare any static, non-private, non-final, nested classes annotated with @Configuration.
06:55:19.296 [Test worker] DEBUG org.springframework.test.context.support.ActiveProfilesUtils - Could not find an 'annotation declaring class' for annotation type [org.springframework.test.context.ActiveProfiles] and class [com.klom.springboot.web.IndexControllerTest]
06:55:19.840 [Test worker] DEBUG org.springframework.context.annotation.ClassPathScanningCandidateComponentProvider - Identified candidate component class: file [C:\Users\Administrator\Desktop\study\spring\aws\build\classes\java\main\com\klom\springboot\Application.class]
06:55:19.844 [Test worker] INFO org.springframework.boot.test.context.SpringBootTestContextBootstrapper - Found @SpringBootConfiguration com.klom.springboot.Application for test class com.klom.springboot.web.IndexControllerTest
06:55:20.149 [Test worker] DEBUG org.springframework.boot.test.context.SpringBootTestContextBootstrapper - @TestExecutionListeners is not present for class [com.klom.springboot.web.IndexControllerTest]: using defaults.
06:55:20.150 [Test worker] INFO org.springframework.boot.test.context.SpringBootTestContextBootstrapper - Loaded default TestExecutionListener class names from location [META-INF/spring.factories]: [org.springframework.boot.test.autoconfigure.restdocs.RestDocsTestExecutionListener, org.springframework.boot.test.autoconfigure.web.client.MockRestServiceServerResetTestExecutionListener, org.springframework.boot.test.autoconfigure.web.servlet.MockMvcPrintOnlyOnFailureTestExecutionListener, org.springframework.boot.test.autoconfigure.web.servlet.WebDriverTestExecutionListener, org.springframework.boot.test.mock.mockito.MockitoTestExecutionListener, org.springframework.boot.test.mock.mockito.ResetMocksTestExecutionListener, org.springframework.test.context.web.ServletTestExecutionListener, org.springframework.test.context.support.DirtiesContextBeforeModesTestExecutionListener, org.springframework.test.context.support.DependencyInjectionTestExecutionListener, org.springframework.test.context.support.DirtiesContextTestExecutionListener, org.springframework.test.context.transaction.TransactionalTestExecutionListener, org.springframework.test.context.jdbc.SqlScriptsTestExecutionListener]
06:55:20.214 [Test worker] INFO org.springframework.boot.test.context.SpringBootTestContextBootstrapper - Using TestExecutionListeners: [org.springframework.test.context.web.ServletTestExecutionListener@44c4edce, org.springframework.test.context.support.DirtiesContextBeforeModesTestExecutionListener@726afa6, org.springframework.boot.test.mock.mockito.MockitoTestExecutionListener@4e44c8e4, org.springframework.boot.test.autoconfigure.SpringBootDependencyInjectionTestExecutionListener@47d650ea, org.springframework.test.context.support.DirtiesContextTestExecutionListener@249f6f43, org.springframework.test.context.transaction.TransactionalTestExecutionListener@16f6bfe9, org.springframework.test.context.jdbc.SqlScriptsTestExecutionListener@7e1d463b, org.springframework.boot.test.autoconfigure.restdocs.RestDocsTestExecutionListener@bb91812, org.springframework.boot.test.autoconfigure.web.client.MockRestServiceServerResetTestExecutionListener@54039b51, org.springframework.boot.test.autoconfigure.web.servlet.MockMvcPrintOnlyOnFailureTestExecutionListener@77297fcf, org.springframework.boot.test.autoconfigure.web.servlet.WebDriverTestExecutionListener@6391d38f, org.springframework.boot.test.mock.mockito.ResetMocksTestExecutionListener@20ab2e67]
06:55:20.223 [Test worker] DEBUG org.springframework.test.annotation.ProfileValueUtils - Retrieved @ProfileValueSourceConfiguration [null] for test class [com.klom.springboot.web.IndexControllerTest]
06:55:20.224 [Test worker] DEBUG org.springframework.test.annotation.ProfileValueUtils - Retrieved ProfileValueSource type [class org.springframework.test.annotation.SystemProfileValueSource] for class [com.klom.springboot.web.IndexControllerTest]
06:55:20.239 [Test worker] DEBUG org.springframework.test.annotation.ProfileValueUtils - Retrieved @ProfileValueSourceConfiguration [null] for test class [com.klom.springboot.web.IndexControllerTest]
06:55:20.240 [Test worker] DEBUG org.springframework.test.annotation.ProfileValueUtils - Retrieved ProfileValueSource type [class org.springframework.test.annotation.SystemProfileValueSource] for class [com.klom.springboot.web.IndexControllerTest]
06:55:20.247 [Test worker] DEBUG org.springframework.test.annotation.ProfileValueUtils - Retrieved @ProfileValueSourceConfiguration [null] for test class [com.klom.springboot.web.IndexControllerTest]
06:55:20.247 [Test worker] DEBUG org.springframework.test.annotation.ProfileValueUtils - Retrieved ProfileValueSource type [class org.springframework.test.annotation.SystemProfileValueSource] for class [com.klom.springboot.web.IndexControllerTest]
06:55:20.260 [Test worker] DEBUG org.springframework.test.context.support.AbstractDirtiesContextTestExecutionListener - Before test class: context [DefaultTestContext@7eafb903 testClass = IndexControllerTest, testInstance = [null], testMethod = [null], testException = [null], mergedContextConfiguration = [WebMergedContextConfiguration@37ccd355 testClass = IndexControllerTest, locations = '{}', classes = '{class com.klom.springboot.Application}', contextInitializerClasses = '[]', activeProfiles = '{}', propertySourceLocations = '{}', propertySourceProperties = '{org.springframework.boot.test.context.SpringBootTestContextBootstrapper=true, server.port=0}', contextCustomizers = set[org.springframework.boot.test.autoconfigure.properties.PropertyMappingContextCustomizer@0, org.springframework.boot.test.autoconfigure.web.servlet.WebDriverContextCustomizerFactory$Customizer@4b35571f, org.springframework.boot.test.context.filter.ExcludeFilterContextCustomizer@7ff8e763, org.springframework.boot.test.json.DuplicateJsonObjectContextCustomizerFactory$DuplicateJsonObjectContextCustomizer@53d1190a, org.springframework.boot.test.mock.mockito.MockitoContextCustomizer@0, org.springframework.boot.test.web.client.TestRestTemplateContextCustomizer@177d2588], resourceBasePath = 'src/main/webapp', contextLoader = 'org.springframework.boot.test.context.SpringBootContextLoader', parent = [null]], attributes = map['org.springframework.test.context.web.ServletTestExecutionListener.activateListener' -> false]], class annotated with @DirtiesContext [false] with mode [null].
06:55:20.262 [Test worker] DEBUG org.springframework.test.annotation.ProfileValueUtils - Retrieved @ProfileValueSourceConfiguration [null] for test class [com.klom.springboot.web.IndexControllerTest]
06:55:20.263 [Test worker] DEBUG org.springframework.test.annotation.ProfileValueUtils - Retrieved ProfileValueSource type [class org.springframework.test.annotation.SystemProfileValueSource] for class [com.klom.springboot.web.IndexControllerTest]
06:55:20.332 [Test worker] DEBUG org.springframework.test.context.support.DependencyInjectionTestExecutionListener - Performing dependency injection for test context [[DefaultTestContext@7eafb903 testClass = IndexControllerTest, testInstance = com.klom.springboot.web.IndexControllerTest@589aa0c0, testMethod = [null], testException = [null], mergedContextConfiguration = [WebMergedContextConfiguration@37ccd355 testClass = IndexControllerTest, locations = '{}', classes = '{class com.klom.springboot.Application}', contextInitializerClasses = '[]', activeProfiles = '{}', propertySourceLocations = '{}', propertySourceProperties = '{org.springframework.boot.test.context.SpringBootTestContextBootstrapper=true, server.port=0}', contextCustomizers = set[org.springframework.boot.test.autoconfigure.properties.PropertyMappingContextCustomizer@0, org.springframework.boot.test.autoconfigure.web.servlet.WebDriverContextCustomizerFactory$Customizer@4b35571f, org.springframework.boot.test.context.filter.ExcludeFilterContextCustomizer@7ff8e763, org.springframework.boot.test.json.DuplicateJsonObjectContextCustomizerFactory$DuplicateJsonObjectContextCustomizer@53d1190a, org.springframework.boot.test.mock.mockito.MockitoContextCustomizer@0, org.springframework.boot.test.web.client.TestRestTemplateContextCustomizer@177d2588], resourceBasePath = 'src/main/webapp', contextLoader = 'org.springframework.boot.test.context.SpringBootContextLoader', parent = [null]], attributes = map['org.springframework.test.context.web.ServletTestExecutionListener.activateListener' -> false]]].
06:55:20.427 [Test worker] DEBUG org.springframework.test.context.support.TestPropertySourceUtils - Adding inlined properties to environment: {spring.jmx.enabled=false, org.springframework.boot.test.context.SpringBootTestContextBootstrapper=true, server.port=0}

  .   ____          _            __ _ _
 /\\ / ___'_ __ _ _(_)_ __  __ _ \ \ \ \
( ( )\___ | '_ | '_| | '_ \/ _` | \ \ \ \
 \\/  ___)| |_)| | | | | || (_| |  ) ) ) )
  '  |____| .__|_| |_|_| |_\__, | / / / /
 =========|_|==============|___/=/_/_/_/
 :: Spring Boot ::        (v2.1.7.RELEASE)

2020-07-05 06:55:22.123  INFO 3732 --- [    Test worker] c.k.springboot.web.IndexControllerTest   : Starting IndexControllerTest on yonghun-PC with PID 3732 (started by Administrator in C:\Users\Administrator\Desktop\study\spring\aws)
2020-07-05 06:55:22.128  INFO 3732 --- [    Test worker] c.k.springboot.web.IndexControllerTest   : No active profile set, falling back to default profiles: default
2020-07-05 06:55:25.552  INFO 3732 --- [    Test worker] .s.d.r.c.RepositoryConfigurationDelegate : Bootstrapping Spring Data repositories in DEFAULT mode.
2020-07-05 06:55:28.031  INFO 3732 --- [    Test worker] .s.d.r.c.RepositoryConfigurationDelegate : Finished Spring Data repository scanning in 2452ms. Found 1 repository interfaces.
2020-07-05 06:55:30.526  INFO 3732 --- [    Test worker] trationDelegate$BeanPostProcessorChecker : Bean 'org.springframework.transaction.annotation.ProxyTransactionManagementConfiguration' of type [org.springframework.transaction.annotation.ProxyTransactionManagementConfiguration$$EnhancerBySpringCGLIB$$5559daa7] is not eligible for getting processed by all BeanPostProcessors (for example: not eligible for auto-proxying)
2020-07-05 06:55:32.723  INFO 3732 --- [    Test worker] o.s.b.w.embedded.tomcat.TomcatWebServer  : Tomcat initialized with port(s): 0 (http)
2020-07-05 06:55:32.832  INFO 3732 --- [    Test worker] o.apache.catalina.core.StandardService   : Starting service [Tomcat]
2020-07-05 06:55:32.833  INFO 3732 --- [    Test worker] org.apache.catalina.core.StandardEngine  : Starting Servlet engine: [Apache Tomcat/9.0.22]
2020-07-05 06:55:33.390  INFO 3732 --- [    Test worker] o.a.c.c.C.[Tomcat].[localhost].[/]       : Initializing Spring embedded WebApplicationContext
2020-07-05 06:55:33.391  INFO 3732 --- [    Test worker] o.s.web.context.ContextLoader            : Root WebApplicationContext: initialization completed in 11011 ms
2020-07-05 06:55:34.472  INFO 3732 --- [    Test worker] com.zaxxer.hikari.HikariDataSource       : HikariPool-1 - Starting...
2020-07-05 06:55:35.463  INFO 3732 --- [    Test worker] com.zaxxer.hikari.HikariDataSource       : HikariPool-1 - Start completed.
2020-07-05 06:55:37.550  INFO 3732 --- [    Test worker] o.hibernate.jpa.internal.util.LogHelper  : HHH000204: Processing PersistenceUnitInfo [
	name: default
	...]
2020-07-05 06:55:39.985  INFO 3732 --- [    Test worker] org.hibernate.Version                    : HHH000412: Hibernate Core {5.3.10.Final}
2020-07-05 06:55:39.994  INFO 3732 --- [    Test worker] org.hibernate.cfg.Environment            : HHH000206: hibernate.properties not found
2020-07-05 06:55:40.746  INFO 3732 --- [    Test worker] o.hibernate.annotations.common.Version   : HCANN000001: Hibernate Commons Annotations {5.0.4.Final}
2020-07-05 06:55:41.664  INFO 3732 --- [    Test worker] org.hibernate.dialect.Dialect            : HHH000400: Using dialect: org.hibernate.dialect.H2Dialect
Hibernate: drop table posts if exists
Hibernate: create table posts (id bigint generated by default as identity, create_date timestamp, modified_date timestamp, author varchar(255), content TEXT not null, title varchar(500) not null, primary key (id))
2020-07-05 06:55:44.469  INFO 3732 --- [    Test worker] o.h.t.schema.internal.SchemaCreatorImpl  : HHH000476: Executing import script 'org.hibernate.tool.schema.internal.exec.ScriptSourceInputNonExistentImpl@121b3432'
2020-07-05 06:55:44.479  INFO 3732 --- [    Test worker] j.LocalContainerEntityManagerFactoryBean : Initialized JPA EntityManagerFactory for persistence unit 'default'
2020-07-05 06:55:46.137  INFO 3732 --- [    Test worker] o.s.s.concurrent.ThreadPoolTaskExecutor  : Initializing ExecutorService 'applicationTaskExecutor'
2020-07-05 06:55:46.343  WARN 3732 --- [    Test worker] aWebConfiguration$JpaWebMvcConfiguration : spring.jpa.open-in-view is enabled by default. Therefore, database queries may be performed during view rendering. Explicitly configure spring.jpa.open-in-view to disable this warning
2020-07-05 06:55:46.477  INFO 3732 --- [    Test worker] o.s.b.a.w.s.WelcomePageHandlerMapping    : Adding welcome page template: index
2020-07-05 06:55:47.314  INFO 3732 --- [    Test worker] o.s.b.w.embedded.tomcat.TomcatWebServer  : Tomcat started on port(s): 11991 (http) with context path ''
2020-07-05 06:55:47.323  INFO 3732 --- [    Test worker] c.k.springboot.web.IndexControllerTest   : Started IndexControllerTest in 26.888 seconds (JVM running for 36.999)
2020-07-05 06:55:48.051  INFO 3732 --- [o-auto-1-exec-1] o.a.c.c.C.[Tomcat].[localhost].[/]       : Initializing Spring DispatcherServlet 'dispatcherServlet'
2020-07-05 06:55:48.051  INFO 3732 --- [o-auto-1-exec-1] o.s.web.servlet.DispatcherServlet        : Initializing Servlet 'dispatcherServlet'
2020-07-05 06:55:48.107  INFO 3732 --- [o-auto-1-exec-1] o.s.web.servlet.DispatcherServlet        : Completed initialization in 56 ms
]]></system-out>
  <system-err><![CDATA[]]></system-err>
</testsuite>
